<?xml version="1.0" encoding="UTF-8"?>
<!-- Generated by org.testng.reporters.JUnitReportReporter -->
<testsuite hostname="john-PC" name="com.vasu.testng.BranchCreation" tests="1" failures="0" timestamp="23 Mar 2019 10:54:18 GMT" time="2.259" errors="0">
  <testcase name="branchCreation" time="2.259" classname="com.vasu.testng.BranchCreation"/>
</testsuite> <!-- com.vasu.testng.BranchCreation -->
