<?xml version="1.0" encoding="UTF-8"?>
<!-- Generated by org.testng.reporters.JUnitReportReporter -->
<testsuite hostname="john-PC" name="com.vasu.testng.AnnotationsTest" tests="2" failures="0" timestamp="23 Mar 2019 10:35:55 GMT" time="0.003" errors="0">
  <testcase name="method2" time="0.002" classname="com.vasu.testng.AnnotationsTest"/>
  <testcase name="method1" time="0.001" classname="com.vasu.testng.AnnotationsTest"/>
</testsuite> <!-- com.vasu.testng.AnnotationsTest -->
