<?xml version="1.0" encoding="UTF-8"?>
<!-- Generated by org.testng.reporters.JUnitReportReporter -->
<testsuite hostname="john-PC" name="com.vasu.testng.BranchDeletion" tests="1" failures="0" timestamp="23 Mar 2019 10:54:18 GMT" time="0.002" errors="0">
  <testcase name="deletion" time="0.002" classname="com.vasu.testng.BranchDeletion"/>
</testsuite> <!-- com.vasu.testng.BranchDeletion -->
