<?xml version="1.0" encoding="UTF-8"?>
<!-- Generated by org.testng.reporters.JUnitReportReporter -->
<testsuite hostname="john-PC" name="com.vasu.testng.AdminLoginTest" tests="1" failures="0" timestamp="23 Mar 2019 10:35:55 GMT" time="0.528" errors="0">
  <testcase name="appLogin" time="0.528" classname="com.vasu.testng.AdminLoginTest"/>
</testsuite> <!-- com.vasu.testng.AdminLoginTest -->
