<?xml version="1.0" encoding="UTF-8"?>
<!-- Generated by org.testng.reporters.JUnitReportReporter -->
<testsuite hostname="john-PC" name="com.vasu.testng.Validation" tests="1" failures="0" timestamp="23 Mar 2019 10:41:08 GMT" time="0.016" errors="0">
  <testcase name="validation" time="0.016" classname="com.vasu.testng.Validation"/>
</testsuite> <!-- com.vasu.testng.Validation -->
