<?xml version="1.0" encoding="UTF-8"?>
<!-- Generated by org.testng.reporters.JUnitReportReporter -->
<testsuite hostname="john-PC" name="com.vasu.testng.BranchCreationTest" tests="1" failures="0" timestamp="23 Mar 2019 10:35:55 GMT" time="11.780" errors="0">
  <testcase name="branchCreation" time="11.780" classname="com.vasu.testng.BranchCreationTest"/>
</testsuite> <!-- com.vasu.testng.BranchCreationTest -->
