<?xml version="1.0" encoding="UTF-8"?>
<!-- Generated by org.testng.reporters.JUnitReportReporter -->
<testsuite hostname="john-PC" name="com.vasu.testng.FirstTestNg" tests="3" failures="0" timestamp="23 Mar 2019 10:35:55 GMT" time="0.008" errors="0">
  <testcase name="appLogin" time="0.001" classname="com.vasu.testng.FirstTestNg"/>
  <testcase name="appLaunch" time="0.004" classname="com.vasu.testng.FirstTestNg"/>
  <testcase name="appClose" time="0.003" classname="com.vasu.testng.FirstTestNg"/>
</testsuite> <!-- com.vasu.testng.FirstTestNg -->
